<?xml version="1.0" encoding="UTF-8"?>
<!-- Generated by org.testng.reporters.JUnitReportReporter -->
<testsuite skipped="0" hostname="LAPTOP-1D2BF5H9" name="practice.DataproviderTNG" tests="3" failures="0" timestamp="2021-12-23T18:04:19 IST" time="0.002" errors="0">
  <testcase name="readDatafromDataprovider" time="0.000" classname="practice.DataproviderTNG"/>
  <system-out/>
  <testcase name="readDatafromDataprovider" time="0.001" classname="practice.DataproviderTNG"/>
  <system-out/>
  <testcase name="readDatafromDataprovider" time="0.001" classname="practice.DataproviderTNG"/>
  <system-out/>
</testsuite> <!-- practice.DataproviderTNG -->
